#
# A fatal error has been detected by the Java Runtime Environment:
#
#  SIGSEGV (0xb) at pc=0x0000000168e5d66e, pid=2390, tid=35611
#
# JRE version: 7.0_10-b18
# Java VM: Java HotSpot(TM) 64-Bit Server VM (23.6-b04 mixed mode bsd-amd64 compressed oops)
# Problematic frame:
# C  [libj2pcsc.dylib+0x166e]  pcsc_multi2jstring+0x11
#
# Failed to write core dump. Core dumps have been disabled. To enable core dumping, try "ulimit -c unlimited" before starting Java again
#
# If you would like to submit a bug report, please visit:
#   http://bugreport.sun.com/bugreport/crash.jsp
# The crash happened outside the Java Virtual Machine in native code.
# See problematic frame for where to report the bug.
#

---------------  T H R E A D  ---------------

Current thread (0x00007fc90c052000):  JavaThread "AWT-EventQueue-0" [_thread_in_native, id=35611, stack(0x000000016d582000,0x000000016d682000)]

siginfo:si_signo=SIGSEGV: si_errno=0, si_code=1 (SEGV_MAPERR), si_addr=0x0000000000000000

Registers:
RAX=0x0000000000000000, RBX=0x000000010103abf8, RCX=0x000000016d67f930, RDX=0x00007fc90bce2228
RSP=0x000000016d67f970, RBP=0x000000016d67f9a0, RSI=0x0000000000000000, RDI=0x00007fc90c0521d8
R8 =0x0000000000002060, R9 =0x000000016d67f930, R10=0x000000016d67f9b0, R11=0x0000000000000206
R12=0x0000000000000000, R13=0x0000000114d055e0, R14=0x00007fc90c0521d8, R15=0x0000000000000000
RIP=0x0000000168e5d66e, EFLAGS=0x0000000000010202, ERR=0x0000000000000004
  TRAPNO=0x000000000000000e

Top of Stack: (sp=0x000000016d67f970)
0x000000016d67f970:   0000000000000000 000000010103abf8
0x000000016d67f980:   0000000000000000 0000000114d055e0
0x000000016d67f990:   00007fc90c0521d8 0000000000000000
0x000000016d67f9a0:   000000016d67f9d0 0000000168e5d7f9
0x000000016d67f9b0:   00007fc900000012 0000000114d055e8
0x000000016d67f9c0:   000000016d67fa60 00007fc90c052000
0x000000016d67f9d0:   000000016d67fa38 0000000110b68f90
0x000000016d67f9e0:   0000000110b5d158 000000014ae58850
0x000000016d67f9f0:   000000016d67f9f0 000000016d67f9f8
0x000000016d67fa00:   0000000000000000 000000016d67fa60
0x000000016d67fa10:   0000000114d075c8 0000000000000000
0x000000016d67fa20:   0000000114d055e8 0000000000000000
0x000000016d67fa30:   000000016d67fa70 000000014ae58850
0x000000016d67fa40:   0000000110c31b98 00000001197c31c0
0x000000016d67fa50:   0000000110b65ddb 000000010103abf8
0x000000016d67fa60:   0000000114d0a540 0000000110c31b98
0x000000016d67fa70:   0000000114d08b68 0000000000000000
0x000000016d67fa80:   000000016d67fa98 00000001197c21f0
0x000000016d67fa90:   0000000110b5d158 000000014ae58850
0x000000016d67faa0:   000000014ae58850 000000016d67faa8
0x000000016d67fab0:   0000000114d037ec 000000016d67faf8
0x000000016d67fac0:   0000000114d03b30 0000000114d1bf70
0x000000016d67fad0:   000000016d67fb40 0000000110b5d333
0x000000016d67fae0:   000000016d67faf8 0000000110b5d333
0x000000016d67faf0:   00000001197c21f0 000000014ae58850
0x000000016d67fb00:   000000016d67fb00 0000000114d09a0c
0x000000016d67fb10:   000000016d67fb50 0000000114d0a3c0
0x000000016d67fb20:   0000000114d1c1b8 0000000114d09a18
0x000000016d67fb30:   000000016d67faf0 000000016d67fb50
0x000000016d67fb40:   000000016d67fb98 0000000110b5d333
0x000000016d67fb50:   000000014ae58850 000000016d67fb58
0x000000016d67fb60:   0000000114cda944 000000016d67fbb0 

Instructions: (pc=0x0000000168e5d66e)
0x0000000168e5d64e:   48 83 c4 38 5b 41 5c 41 5d 41 5e 41 5f 5d c3 55
0x0000000168e5d65e:   48 89 e5 41 57 41 56 41 55 41 54 53 48 83 ec 08
0x0000000168e5d66e:   8a 1e 84 db 49 89 fe 0f 84 f1 00 00 00 49 89 f7
0x0000000168e5d67e:   45 31 e4 4d 89 fd 49 83 c4 08 4c 89 ef e8 f2 03 

Register to memory mapping:

RAX=0x0000000000000000 is an unknown value
RBX=0x000000010103abf8 is an unknown value
RCX=0x000000016d67f930 is pointing into the stack for thread: 0x00007fc90c052000
RDX=0x00007fc90bce2228 is an unknown value
RSP=0x000000016d67f970 is pointing into the stack for thread: 0x00007fc90c052000
RBP=0x000000016d67f9a0 is pointing into the stack for thread: 0x00007fc90c052000
RSI=0x0000000000000000 is an unknown value
RDI=0x00007fc90c0521d8 is an unknown value
R8 =0x0000000000002060 is an unknown value
R9 =0x000000016d67f930 is pointing into the stack for thread: 0x00007fc90c052000
R10=0x000000016d67f9b0 is pointing into the stack for thread: 0x00007fc90c052000
R11=0x0000000000000206 is an unknown value
R12=0x0000000000000000 is an unknown value
R13=0x0000000114d055e0 is an oop
{constMethod} 
 - klass: {other class}
 - method:       0x0000000114d055e8 {method} 'SCardListReaders' '(J)[Ljava/lang/String;' in 'sun/security/smartcardio/PCSC'
 - exceptions:   0x0000000113c31d50
R14=0x00007fc90c0521d8 is an unknown value
R15=0x0000000000000000 is an unknown value


Stack: [0x000000016d582000,0x000000016d682000],  sp=0x000000016d67f970,  free space=1014k
Native frames: (J=compiled Java code, j=interpreted, Vv=VM code, C=native code)
C  [libj2pcsc.dylib+0x166e]  pcsc_multi2jstring+0x11
C  [libj2pcsc.dylib+0x17f9]  Java_sun_security_smartcardio_PCSC_SCardListReaders+0x72
j  sun.security.smartcardio.PCSC.SCardListReaders(J)[Ljava/lang/String;+0

Java frames: (J=compiled Java code, j=interpreted, Vv=VM code)
j  sun.security.smartcardio.PCSC.SCardListReaders(J)[Ljava/lang/String;+0
J  sun.security.smartcardio.PCSCTerminals.list(Ljavax/smartcardio/CardTerminals$State;)Ljava/util/List;
j  javax.smartcardio.CardTerminals.list()Ljava/util/List;+4
j  es.gob.jmulticard.jse.a.a.a()V+44
j  es.gob.jmulticard.jse.a.a.c()[B+5
j  es.gob.jmulticard.card.dnie.a.b(Les/gob/jmulticard/apdu/connection/a;)V+68
j  es.gob.jmulticard.card.dnie.a.<init>(Les/gob/jmulticard/apdu/connection/a;Ljavax/security/auth/callback/PasswordCallback;Les/gob/jmulticard/a;)V+18
j  es.gob.jmulticard.jse.provider.DnieKeyStoreImpl.engineLoad(Ljava/io/InputStream;[C)V+34
j  java.security.KeyStore.load(Ljava/io/InputStream;[C)V+6
j  gui.LibraryMain.loginWithDnie(Ljava/awt/event/ActionEvent;)V+62
j  gui.LibraryMain.access$2300(Lgui/LibraryMain;Ljava/awt/event/ActionEvent;)V+2
j  gui.LibraryMain$40.actionPerformed(Ljava/awt/event/ActionEvent;)V+5
j  javax.swing.AbstractButton.fireActionPerformed(Ljava/awt/event/ActionEvent;)V+84
j  javax.swing.AbstractButton$Handler.actionPerformed(Ljava/awt/event/ActionEvent;)V+5
j  javax.swing.DefaultButtonModel.fireActionPerformed(Ljava/awt/event/ActionEvent;)V+35
j  javax.swing.DefaultButtonModel.setPressed(Z)V+117
j  javax.swing.plaf.basic.BasicButtonListener.mouseReleased(Ljava/awt/event/MouseEvent;)V+35
j  java.awt.Component.processMouseEvent(Ljava/awt/event/MouseEvent;)V+64
j  javax.swing.JComponent.processMouseEvent(Ljava/awt/event/MouseEvent;)V+23
j  java.awt.Component.processEvent(Ljava/awt/AWTEvent;)V+81
j  java.awt.Container.processEvent(Ljava/awt/AWTEvent;)V+18
j  java.awt.Component.dispatchEventImpl(Ljava/awt/AWTEvent;)V+581
j  java.awt.Container.dispatchEventImpl(Ljava/awt/AWTEvent;)V+42
j  java.awt.Component.dispatchEvent(Ljava/awt/AWTEvent;)V+2
j  java.awt.LightweightDispatcher.retargetMouseEvent(Ljava/awt/Component;ILjava/awt/event/MouseEvent;)V+327
j  java.awt.LightweightDispatcher.processMouseEvent(Ljava/awt/event/MouseEvent;)Z+139
j  java.awt.LightweightDispatcher.dispatchEvent(Ljava/awt/AWTEvent;)Z+50
j  java.awt.Container.dispatchEventImpl(Ljava/awt/AWTEvent;)V+12
j  java.awt.Window.dispatchEventImpl(Ljava/awt/AWTEvent;)V+19
j  java.awt.Component.dispatchEvent(Ljava/awt/AWTEvent;)V+2
j  java.awt.EventQueue.dispatchEventImpl(Ljava/awt/AWTEvent;Ljava/lang/Object;)V+41
j  java.awt.EventQueue.access$200(Ljava/awt/EventQueue;Ljava/awt/AWTEvent;Ljava/lang/Object;)V+3
j  java.awt.EventQueue$3.run()Ljava/lang/Void;+12
j  java.awt.EventQueue$3.run()Ljava/lang/Object;+1
v  ~StubRoutines::call_stub
j  java.security.AccessController.doPrivileged(Ljava/security/PrivilegedAction;Ljava/security/AccessControlContext;)Ljava/lang/Object;+0
j  java.security.ProtectionDomain$1.doIntersectionPrivilege(Ljava/security/PrivilegedAction;Ljava/security/AccessControlContext;Ljava/security/AccessControlContext;)Ljava/lang/Object;+28
j  java.security.ProtectionDomain$1.doIntersectionPrivilege(Ljava/security/PrivilegedAction;Ljava/security/AccessControlContext;)Ljava/lang/Object;+6
j  java.awt.EventQueue$4.run()Ljava/lang/Void;+11
j  java.awt.EventQueue$4.run()Ljava/lang/Object;+1
v  ~StubRoutines::call_stub
j  java.security.AccessController.doPrivileged(Ljava/security/PrivilegedAction;Ljava/security/AccessControlContext;)Ljava/lang/Object;+0
j  java.security.ProtectionDomain$1.doIntersectionPrivilege(Ljava/security/PrivilegedAction;Ljava/security/AccessControlContext;Ljava/security/AccessControlContext;)Ljava/lang/Object;+28
j  java.awt.EventQueue.dispatchEvent(Ljava/awt/AWTEvent;)V+73
j  java.awt.EventDispatchThread.pumpOneEventForFilters(I)V+245
j  java.awt.EventDispatchThread.pumpEventsForFilter(ILjava/awt/Conditional;Ljava/awt/EventFilter;)V+35
j  java.awt.EventDispatchThread.pumpEventsForHierarchy(ILjava/awt/Conditional;Ljava/awt/Component;)V+11
j  java.awt.EventDispatchThread.pumpEvents(ILjava/awt/Conditional;)V+4
j  java.awt.EventDispatchThread.pumpEvents(Ljava/awt/Conditional;)V+3
j  java.awt.EventDispatchThread.run()V+9
v  ~StubRoutines::call_stub

---------------  P R O C E S S  ---------------

Java Threads: ( => current thread )
  0x00007fc90e0e4000 JavaThread "Image Fetcher 0" daemon [_thread_blocked, id=48443, stack(0x000000016e549000,0x000000016e649000)]
  0x00007fc90d23b800 JavaThread "TimerQueue" daemon [_thread_blocked, id=42759, stack(0x000000016e99c000,0x000000016ea9c000)]
  0x00007fc90d911800 JavaThread "Java2D Disposer" daemon [_thread_blocked, id=39939, stack(0x000000016e2dc000,0x000000016e3dc000)]
  0x00007fc90e0e9800 JavaThread "Java2D Queue Flusher" daemon [_thread_blocked, id=35863, stack(0x000000016d685000,0x000000016d785000)]
  0x00007fc90c052800 JavaThread "DestroyJavaVM" [_thread_blocked, id=5891, stack(0x0000000110982000,0x0000000110a82000)]
=>0x00007fc90c052000 JavaThread "AWT-EventQueue-0" [_thread_in_native, id=35611, stack(0x000000016d582000,0x000000016d682000)]
  0x00007fc90d18b800 JavaThread "AWT-Shutdown" [_thread_blocked, id=21255, stack(0x00000001698cc000,0x00000001699cc000)]
  0x00007fc90d002000 JavaThread "AppKit Thread" daemon [_thread_in_native, id=1799, stack(0x00007fff4f650000,0x00007fff4fe50000)]
  0x00007fc90e016000 JavaThread "Service Thread" daemon [_thread_blocked, id=20739, stack(0x000000016928e000,0x000000016938e000)]
  0x00007fc90d829000 JavaThread "C2 CompilerThread1" daemon [_thread_blocked, id=20483, stack(0x000000016918b000,0x000000016928b000)]
  0x00007fc90e015000 JavaThread "C2 CompilerThread0" daemon [_thread_blocked, id=20227, stack(0x0000000169088000,0x0000000169188000)]
  0x00007fc90e014000 JavaThread "Signal Dispatcher" daemon [_thread_blocked, id=19971, stack(0x0000000168f85000,0x0000000169085000)]
  0x00007fc90d034000 JavaThread "Finalizer" daemon [_thread_blocked, id=15619, stack(0x0000000168cb3000,0x0000000168db3000)]
  0x00007fc90c011800 JavaThread "Reference Handler" daemon [_thread_blocked, id=15363, stack(0x0000000168bb0000,0x0000000168cb0000)]

Other Threads:
  0x00007fc90c00f000 VMThread [stack: 0x0000000168aad000,0x0000000168bad000] [id=15107]
  0x00007fc90d805800 WatcherThread [stack: 0x0000000169391000,0x0000000169491000] [id=20995]

VM state:not at safepoint (normal execution)

VM Mutex/Monitor currently owned by a thread: None

Heap
 PSYoungGen      total 22400K, used 3656K [0x000000014ae30000, 0x000000014c730000, 0x0000000163e30000)
  eden space 19200K, 2% used [0x000000014ae30000,0x000000014aea57c0,0x000000014c0f0000)
  from space 3200K, 99% used [0x000000014c410000,0x000000014c72ca68,0x000000014c730000)
  to   space 3200K, 0% used [0x000000014c0f0000,0x000000014c0f0000,0x000000014c410000)
 ParOldGen       total 51200K, used 10118K [0x0000000118e30000, 0x000000011c030000, 0x000000014ae30000)
  object space 51200K, 19% used [0x0000000118e30000,0x0000000119811bb8,0x000000011c030000)
 PSPermGen       total 21248K, used 17344K [0x0000000113c30000, 0x00000001150f0000, 0x0000000118e30000)
  object space 21248K, 81% used [0x0000000113c30000,0x0000000114d201e0,0x00000001150f0000)

Card table byte_map: [0x0000000163e30000,0x00000001640b2000] byte_map_base: 0x0000000163591e80

Polling page: 0x0000000110ac1000

Code Cache  [0x0000000110b57000, 0x0000000110dc7000, 0x0000000113b57000)
 total_blobs=642 nmethods=137 adapters=457 free_code_cache=48299Kb largest_free_block=49428544

Compilation events (10 events):
Event: 23.387 Thread 0x00007fc90e015000  131  s!         sun.security.smartcardio.PCSCTerminals::list (320 bytes)
Event: 23.387 Thread 0x00007fc90d829000 nmethod 130 0x0000000110c2c0d0 code [0x0000000110c2c200, 0x0000000110c2c278]
Event: 23.387 Thread 0x00007fc90d829000  132   !         java.io.BufferedWriter::write (117 bytes)
Event: 23.391 Thread 0x00007fc90d829000 nmethod 132 0x0000000110c2c5d0 code [0x0000000110c2c740, 0x0000000110c2ce28]
Event: 23.399 Thread 0x00007fc90e015000 nmethod 131 0x0000000110c31890 code [0x0000000110c31b00, 0x0000000110c32ca0]
Event: 23.406 Thread 0x00007fc90d829000  133             java.util.HashMap::containsKey (14 bytes)
Event: 23.409 Thread 0x00007fc90d829000 nmethod 133 0x0000000110c2f950 code [0x0000000110c2fac0, 0x0000000110c2fce8]
Event: 23.492 Thread 0x00007fc90e015000  134             java.lang.StringBuilder::toString (17 bytes)
Event: 23.495 Thread 0x00007fc90e015000 nmethod 134 0x0000000110c2d910 code [0x0000000110c2da60, 0x0000000110c2dd58]
Event: 23.496 Thread 0x00007fc90d829000  135             java.util.HashSet::contains (9 bytes)

GC Heap History (4 events):
Event: 1.614 GC heap before
{Heap before GC invocations=1 (full 0):
 PSYoungGen      total 22400K, used 19200K [0x000000014ae30000, 0x000000014c730000, 0x0000000163e30000)
  eden space 19200K, 100% used [0x000000014ae30000,0x000000014c0f0000,0x000000014c0f0000)
  from space 3200K, 0% used [0x000000014c410000,0x000000014c410000,0x000000014c730000)
  to   space 3200K, 0% used [0x000000014c0f0000,0x000000014c0f0000,0x000000014c410000)
 ParOldGen       total 51200K, used 0K [0x0000000118e30000, 0x000000011c030000, 0x000000014ae30000)
  object space 51200K, 0% used [0x0000000118e30000,0x0000000118e30000,0x000000011c030000)
 PSPermGen       total 21248K, used 16199K [0x0000000113c30000, 0x00000001150f0000, 0x0000000118e30000)
  object space 21248K, 76% used [0x0000000113c30000,0x0000000114c01e48,0x00000001150f0000)
Event: 1.622 GC heap after
Heap after GC invocations=1 (full 0):
 PSYoungGen      total 22400K, used 3183K [0x000000014ae30000, 0x000000014c730000, 0x0000000163e30000)
  eden space 19200K, 0% used [0x000000014ae30000,0x000000014ae30000,0x000000014c0f0000)
  from space 3200K, 99% used [0x000000014c0f0000,0x000000014c40bde8,0x000000014c410000)
  to   space 3200K, 0% used [0x000000014c410000,0x000000014c410000,0x000000014c730000)
 ParOldGen       total 51200K, used 6820K [0x0000000118e30000, 0x000000011c030000, 0x000000014ae30000)
  object space 51200K, 13% used [0x0000000118e30000,0x00000001194d9340,0x000000011c030000)
 PSPermGen       total 21248K, used 16199K [0x0000000113c30000, 0x00000001150f0000, 0x0000000118e30000)
  object space 21248K, 76% used [0x0000000113c30000,0x0000000114c01e48,0x00000001150f0000)
}
Event: 23.471 GC heap before
{Heap before GC invocations=2 (full 0):
 PSYoungGen      total 22400K, used 22383K [0x000000014ae30000, 0x000000014c730000, 0x0000000163e30000)
  eden space 19200K, 100% used [0x000000014ae30000,0x000000014c0f0000,0x000000014c0f0000)
  from space 3200K, 99% used [0x000000014c0f0000,0x000000014c40bde8,0x000000014c410000)
  to   space 3200K, 0% used [0x000000014c410000,0x000000014c410000,0x000000014c730000)
 ParOldGen       total 51200K, used 6820K [0x0000000118e30000, 0x000000011c030000, 0x000000014ae30000)
  object space 51200K, 13% used [0x0000000118e30000,0x00000001194d9340,0x000000011c030000)
 PSPermGen       total 21248K, used 17337K [0x0000000113c30000, 0x00000001150f0000, 0x0000000118e30000)
  object space 21248K, 81% used [0x0000000113c30000,0x0000000114d1e420,0x00000001150f0000)
Event: 23.478 GC heap after
Heap after GC invocations=2 (full 0):
 PSYoungGen      total 22400K, used 3186K [0x000000014ae30000, 0x000000014c730000, 0x0000000163e30000)
  eden space 19200K, 0% used [0x000000014ae30000,0x000000014ae30000,0x000000014c0f0000)
  from space 3200K, 99% used [0x000000014c410000,0x000000014c72ca68,0x000000014c730000)
  to   space 3200K, 0% used [0x000000014c0f0000,0x000000014c0f0000,0x000000014c410000)
 ParOldGen       total 51200K, used 10118K [0x0000000118e30000, 0x000000011c030000, 0x000000014ae30000)
  object space 51200K, 19% used [0x0000000118e30000,0x0000000119811bb8,0x000000011c030000)
 PSPermGen       total 21248K, used 17337K [0x0000000113c30000, 0x00000001150f0000, 0x0000000118e30000)
  object space 21248K, 81% used [0x0000000113c30000,0x0000000114d1e420,0x00000001150f0000)
}

Deoptimization events (6 events):
Event: 0.340 Thread 0x00007fc90d002000 Uncommon trap -12 fr.pc 0x0000000110bc3f28
Event: 1.215 Thread 0x00007fc90c052000 Uncommon trap 51 fr.pc 0x0000000110be6fac
Event: 1.257 Thread 0x00007fc90c052000 Uncommon trap -34 fr.pc 0x0000000110bda0ac
Event: 1.258 Thread 0x00007fc90c052000 Uncommon trap -34 fr.pc 0x0000000110bda0ac
Event: 1.258 Thread 0x00007fc90c052000 Uncommon trap -34 fr.pc 0x0000000110bda0ac
Event: 1.258 Thread 0x00007fc90c052000 Uncommon trap -34 fr.pc 0x0000000110bda0ac

Internal exceptions (10 events):
Event: 23.494 Thread 0x00007fc90c052000 Threw 0x000000014ae4d7f8 at /HUDSON/workspace/jdk7u10-2-build-macosx-amd64-product/jdk7u10/hotspot/src/share/vm/prims/jni.cpp:716
Event: 23.495 Thread 0x00007fc90c052000 Threw 0x000000014ae4e9b8 at /HUDSON/workspace/jdk7u10-2-build-macosx-amd64-product/jdk7u10/hotspot/src/share/vm/prims/jni.cpp:716
Event: 23.495 Thread 0x00007fc90c052000 Threw 0x000000014ae4fb78 at /HUDSON/workspace/jdk7u10-2-build-macosx-amd64-product/jdk7u10/hotspot/src/share/vm/prims/jni.cpp:716
Event: 23.495 Thread 0x00007fc90c052000 Threw 0x000000014ae50d38 at /HUDSON/workspace/jdk7u10-2-build-macosx-amd64-product/jdk7u10/hotspot/src/share/vm/prims/jni.cpp:716
Event: 23.495 Thread 0x00007fc90c052000 Threw 0x000000014ae51ef8 at /HUDSON/workspace/jdk7u10-2-build-macosx-amd64-product/jdk7u10/hotspot/src/share/vm/prims/jni.cpp:716
Event: 23.495 Thread 0x00007fc90c052000 Threw 0x000000014ae530b8 at /HUDSON/workspace/jdk7u10-2-build-macosx-amd64-product/jdk7u10/hotspot/src/share/vm/prims/jni.cpp:716
Event: 23.496 Thread 0x00007fc90c052000 Threw 0x000000014ae54278 at /HUDSON/workspace/jdk7u10-2-build-macosx-amd64-product/jdk7u10/hotspot/src/share/vm/prims/jni.cpp:716
Event: 23.496 Thread 0x00007fc90c052000 Threw 0x000000014ae55438 at /HUDSON/workspace/jdk7u10-2-build-macosx-amd64-product/jdk7u10/hotspot/src/share/vm/prims/jni.cpp:716
Event: 23.496 Thread 0x00007fc90c052000 Threw 0x000000014ae565f8 at /HUDSON/workspace/jdk7u10-2-build-macosx-amd64-product/jdk7u10/hotspot/src/share/vm/prims/jni.cpp:716
Event: 23.496 Thread 0x00007fc90c052000 Threw 0x000000014ae577b8 at /HUDSON/workspace/jdk7u10-2-build-macosx-amd64-product/jdk7u10/hotspot/src/share/vm/prims/jni.cpp:716

Events (10 events):
Event: 23.490 Executing VM operation: RevokeBias done
Event: 23.490 Executing VM operation: RevokeBias
Event: 23.490 Executing VM operation: RevokeBias done
Event: 23.490 Executing VM operation: RevokeBias
Event: 23.490 Executing VM operation: RevokeBias done
Event: 23.490 Executing VM operation: RevokeBias
Event: 23.490 Executing VM operation: RevokeBias done
Event: 23.490 Executing VM operation: RevokeBias
Event: 23.490 Executing VM operation: RevokeBias done
Event: 23.495 Thread 0x00007fc90e015000 flushing nmethod 0x0000000110bc3b90


Dynamic libraries:
0x0000000001568000 	/System/Library/Frameworks/Cocoa.framework/Versions/A/Cocoa
0x0000000001568000 	/System/Library/Frameworks/Security.framework/Versions/A/Security
0x0000000001568000 	/System/Library/Frameworks/ApplicationServices.framework/Versions/A/ApplicationServices
0x0000000001568000 	/usr/lib/libz.1.dylib
0x0000000001568000 	/usr/lib/libSystem.B.dylib
0x0000000001568000 	/usr/lib/libobjc.A.dylib
0x0000000001568000 	/System/Library/Frameworks/CoreFoundation.framework/Versions/A/CoreFoundation
0x0000000001568000 	/System/Library/Frameworks/AppKit.framework/Versions/C/AppKit
0x0000000001568000 	/System/Library/Frameworks/CoreData.framework/Versions/A/CoreData
0x0000000001568000 	/System/Library/Frameworks/Foundation.framework/Versions/C/Foundation
0x0000000001568000 	/System/Library/PrivateFrameworks/RemoteViewServices.framework/Versions/A/RemoteViewServices
0x0000000001568000 	/System/Library/Frameworks/AudioToolbox.framework/Versions/A/AudioToolbox
0x0000000001568000 	/System/Library/Frameworks/AudioUnit.framework/Versions/A/AudioUnit
0x0000000001568000 	/System/Library/PrivateFrameworks/DataDetectorsCore.framework/Versions/A/DataDetectorsCore
0x0000000001568000 	/System/Library/PrivateFrameworks/DesktopServicesPriv.framework/Versions/A/DesktopServicesPriv
0x0000000001568000 	/System/Library/Frameworks/Carbon.framework/Versions/A/Frameworks/HIToolbox.framework/Versions/A/HIToolbox
0x0000000001568000 	/System/Library/Frameworks/QuartzCore.framework/Versions/A/QuartzCore
0x0000000001568000 	/System/Library/Frameworks/Carbon.framework/Versions/A/Frameworks/SpeechRecognition.framework/Versions/A/SpeechRecognition
0x0000000001568000 	/usr/lib/libauto.dylib
0x0000000001568000 	/usr/lib/libicucore.A.dylib
0x0000000001568000 	/usr/lib/libxml2.2.dylib
0x0000000001568000 	/System/Library/PrivateFrameworks/CoreUI.framework/Versions/A/CoreUI
0x0000000001568000 	/System/Library/Frameworks/CoreAudio.framework/Versions/A/CoreAudio
0x0000000001568000 	/System/Library/Frameworks/DiskArbitration.framework/Versions/A/DiskArbitration
0x0000000001568000 	/usr/lib/liblangid.dylib
0x0000000001568000 	/System/Library/PrivateFrameworks/MultitouchSupport.framework/Versions/A/MultitouchSupport
0x0000000001568000 	/System/Library/Frameworks/IOKit.framework/Versions/A/IOKit
0x0000000001568000 	/usr/lib/libDiagnosticMessagesClient.dylib
0x0000000001568000 	/System/Library/Frameworks/CoreServices.framework/Versions/A/CoreServices
0x0000000001568000 	/System/Library/PrivateFrameworks/PerformanceAnalysis.framework/Versions/A/PerformanceAnalysis
0x0000000001568000 	/System/Library/PrivateFrameworks/GenerationalStorage.framework/Versions/A/GenerationalStorage
0x0000000001568000 	/System/Library/Frameworks/OpenGL.framework/Versions/A/OpenGL
0x0000000001568000 	/System/Library/Frameworks/CoreText.framework/Versions/A/CoreText
0x0000000001568000 	/System/Library/Frameworks/ImageIO.framework/Versions/A/ImageIO
0x0000000001568000 	/System/Library/PrivateFrameworks/Backup.framework/Versions/A/Backup
0x0000000001568000 	/System/Library/Frameworks/CFNetwork.framework/Versions/A/CFNetwork
0x0000000001568000 	/System/Library/Frameworks/SystemConfiguration.framework/Versions/A/SystemConfiguration
0x0000000001568000 	/usr/lib/libCRFSuite.dylib
0x0000000001568000 	/System/Library/PrivateFrameworks/TCC.framework/Versions/A/TCC
0x0000000001568000 	/usr/lib/libc++.1.dylib
0x0000000001568000 	/usr/lib/libc++abi.dylib
0x0000000001568000 	/usr/lib/system/libcache.dylib
0x0000000001568000 	/usr/lib/system/libcommonCrypto.dylib
0x0000000001568000 	/usr/lib/system/libcompiler_rt.dylib
0x0000000001568000 	/usr/lib/system/libcopyfile.dylib
0x0000000001568000 	/usr/lib/system/libdispatch.dylib
0x0000000001568000 	/usr/lib/system/libdnsinfo.dylib
0x0000000001568000 	/usr/lib/system/libdyld.dylib
0x0000000001568000 	/usr/lib/system/libkeymgr.dylib
0x0000000001568000 	/usr/lib/system/liblaunch.dylib
0x0000000001568000 	/usr/lib/system/libmacho.dylib
0x0000000001568000 	/usr/lib/system/libquarantine.dylib
0x0000000001568000 	/usr/lib/system/libremovefile.dylib
0x0000000001568000 	/usr/lib/system/libsystem_blocks.dylib
0x0000000001568000 	/usr/lib/system/libsystem_c.dylib
0x0000000001568000 	/usr/lib/system/libsystem_dnssd.dylib
0x0000000001568000 	/usr/lib/system/libsystem_info.dylib
0x0000000001568000 	/usr/lib/system/libsystem_kernel.dylib
0x0000000001568000 	/usr/lib/system/libsystem_m.dylib
0x0000000001568000 	/usr/lib/system/libsystem_network.dylib
0x0000000001568000 	/usr/lib/system/libsystem_notify.dylib
0x0000000001568000 	/usr/lib/system/libsystem_sandbox.dylib
0x0000000001568000 	/usr/lib/system/libunc.dylib
0x0000000001568000 	/usr/lib/system/libunwind.dylib
0x0000000001568000 	/usr/lib/system/libxpc.dylib
0x0000000001568000 	/usr/lib/system/libcorecrypto.dylib
0x0000000001568000 	/usr/lib/libstdc++.6.dylib
0x0000000001568000 	/usr/lib/libbsm.0.dylib
0x0000000001568000 	/usr/lib/libsqlite3.dylib
0x0000000001568000 	/usr/lib/libxar.1.dylib
0x0000000001568000 	/usr/lib/libpam.2.dylib
0x0000000001568000 	/usr/lib/libOpenScriptingUtil.dylib
0x0000000001568000 	/usr/lib/libbz2.1.0.dylib
0x0000000001568000 	/System/Library/Frameworks/CoreServices.framework/Versions/A/Frameworks/CarbonCore.framework/Versions/A/CarbonCore
0x0000000001568000 	/System/Library/Frameworks/CoreServices.framework/Versions/A/Frameworks/Metadata.framework/Versions/A/Metadata
0x0000000001568000 	/System/Library/Frameworks/CoreServices.framework/Versions/A/Frameworks/OSServices.framework/Versions/A/OSServices
0x0000000001568000 	/System/Library/Frameworks/CoreServices.framework/Versions/A/Frameworks/SearchKit.framework/Versions/A/SearchKit
0x0000000001568000 	/System/Library/Frameworks/CoreServices.framework/Versions/A/Frameworks/AE.framework/Versions/A/AE
0x0000000001568000 	/System/Library/Frameworks/CoreServices.framework/Versions/A/Frameworks/LaunchServices.framework/Versions/A/LaunchServices
0x0000000001568000 	/System/Library/Frameworks/CoreServices.framework/Versions/A/Frameworks/DictionaryServices.framework/Versions/A/DictionaryServices
0x0000000001568000 	/System/Library/Frameworks/NetFS.framework/Versions/A/NetFS
0x0000000001568000 	/usr/lib/system/libkxld.dylib
0x0000000001568000 	/System/Library/PrivateFrameworks/NetAuth.framework/Versions/A/NetAuth
0x0000000001568000 	/System/Library/Frameworks/OpenDirectory.framework/Versions/A/Frameworks/CFOpenDirectory.framework/Versions/A/CFOpenDirectory
0x0000000001568000 	/usr/lib/libxslt.1.dylib
0x0000000001568000 	/System/Library/PrivateFrameworks/FamilyControls.framework/Versions/A/FamilyControls
0x0000000001568000 	/System/Library/Frameworks/Carbon.framework/Versions/A/Frameworks/Ink.framework/Versions/A/Ink
0x0000000001568000 	/System/Library/Frameworks/ApplicationServices.framework/Versions/A/Frameworks/CoreGraphics.framework/Versions/A/CoreGraphics
0x0000000001568000 	/System/Library/Frameworks/ApplicationServices.framework/Versions/A/Frameworks/ATS.framework/Versions/A/ATS
0x0000000001568000 	/System/Library/Frameworks/ApplicationServices.framework/Versions/A/Frameworks/ColorSync.framework/Versions/A/ColorSync
0x0000000001568000 	/System/Library/Frameworks/ApplicationServices.framework/Versions/A/Frameworks/HIServices.framework/Versions/A/HIServices
0x0000000001568000 	/System/Library/Frameworks/ApplicationServices.framework/Versions/A/Frameworks/LangAnalysis.framework/Versions/A/LangAnalysis
0x0000000001568000 	/System/Library/Frameworks/ApplicationServices.framework/Versions/A/Frameworks/PrintCore.framework/Versions/A/PrintCore
0x0000000001568000 	/System/Library/Frameworks/ApplicationServices.framework/Versions/A/Frameworks/QD.framework/Versions/A/QD
0x0000000001568000 	/System/Library/Frameworks/ApplicationServices.framework/Versions/A/Frameworks/SpeechSynthesis.framework/Versions/A/SpeechSynthesis
0x0000000001568000 	/System/Library/Frameworks/IOSurface.framework/Versions/A/IOSurface
0x0000000001568000 	/System/Library/Frameworks/Accelerate.framework/Versions/A/Accelerate
0x0000000001568000 	/System/Library/Frameworks/ApplicationServices.framework/Versions/A/Frameworks/ATS.framework/Versions/A/Resources/libFontParser.dylib
0x0000000001568000 	/System/Library/Frameworks/ApplicationServices.framework/Versions/A/Frameworks/ATS.framework/Versions/A/Resources/libFontRegistry.dylib
0x0000000001568000 	/System/Library/Frameworks/Accelerate.framework/Versions/A/Frameworks/vImage.framework/Versions/A/vImage
0x0000000001568000 	/System/Library/Frameworks/Accelerate.framework/Versions/A/Frameworks/vecLib.framework/Versions/A/vecLib
0x0000000001568000 	/System/Library/Frameworks/Accelerate.framework/Versions/A/Frameworks/vecLib.framework/Versions/A/libvDSP.dylib
0x0000000001568000 	/System/Library/Frameworks/Accelerate.framework/Versions/A/Frameworks/vecLib.framework/Versions/A/libvMisc.dylib
0x0000000001568000 	/System/Library/Frameworks/Accelerate.framework/Versions/A/Frameworks/vecLib.framework/Versions/A/libLAPACK.dylib
0x0000000001568000 	/System/Library/Frameworks/Accelerate.framework/Versions/A/Frameworks/vecLib.framework/Versions/A/libBLAS.dylib
0x0000000001568000 	/System/Library/Frameworks/ImageIO.framework/Versions/A/Resources/libJPEG.dylib
0x0000000001568000 	/System/Library/Frameworks/ImageIO.framework/Versions/A/Resources/libTIFF.dylib
0x0000000001568000 	/System/Library/Frameworks/ImageIO.framework/Versions/A/Resources/libPng.dylib
0x0000000001568000 	/System/Library/Frameworks/ImageIO.framework/Versions/A/Resources/libGIF.dylib
0x0000000001568000 	/System/Library/Frameworks/ImageIO.framework/Versions/A/Resources/libJP2.dylib
0x0000000001568000 	/System/Library/Frameworks/ImageIO.framework/Versions/A/Resources/libRadiance.dylib
0x0000000001568000 	/usr/lib/libcups.2.dylib
0x0000000001568000 	/System/Library/Frameworks/Kerberos.framework/Versions/A/Kerberos
0x0000000001568000 	/System/Library/Frameworks/GSS.framework/Versions/A/GSS
0x0000000001568000 	/usr/lib/libresolv.9.dylib
0x0000000001568000 	/usr/lib/libiconv.2.dylib
0x0000000001568000 	/System/Library/PrivateFrameworks/Heimdal.framework/Versions/A/Heimdal
0x0000000001568000 	/System/Library/PrivateFrameworks/TrustEvaluationAgent.framework/Versions/A/TrustEvaluationAgent
0x0000000001568000 	/System/Library/Frameworks/OpenDirectory.framework/Versions/A/OpenDirectory
0x0000000001568000 	/System/Library/PrivateFrameworks/CommonAuth.framework/Versions/A/CommonAuth
0x0000000001568000 	/System/Library/PrivateFrameworks/Bom.framework/Versions/A/Bom
0x0000000001568000 	/System/Library/Frameworks/CoreVideo.framework/Versions/A/CoreVideo
0x0000000001568000 	/System/Library/Frameworks/QuartzCore.framework/Versions/A/Frameworks/CoreImage.framework/Versions/A/CoreImage
0x0000000001568000 	/System/Library/Frameworks/QuartzCore.framework/Versions/A/Frameworks/ScalableUserInterface.framework/Versions/A/ScalableUserInterface
0x0000000001568000 	/System/Library/Frameworks/OpenGL.framework/Versions/A/Libraries/libGLU.dylib
0x0000000001568000 	/System/Library/Frameworks/OpenGL.framework/Versions/A/Libraries/libGFXShared.dylib
0x0000000001568000 	/System/Library/Frameworks/OpenGL.framework/Versions/A/Libraries/libGL.dylib
0x0000000001568000 	/System/Library/Frameworks/OpenGL.framework/Versions/A/Libraries/libGLImage.dylib
0x0000000001568000 	/System/Library/Frameworks/OpenGL.framework/Versions/A/Libraries/libCVMSPluginSupport.dylib
0x0000000001568000 	/System/Library/Frameworks/OpenGL.framework/Versions/A/Libraries/libCoreVMClient.dylib
0x0000000001568000 	/System/Library/PrivateFrameworks/CrashReporterSupport.framework/Versions/A/CrashReporterSupport
0x0000000001568000 	/System/Library/Frameworks/OpenCL.framework/Versions/A/OpenCL
0x0000000001568000 	/System/Library/PrivateFrameworks/FaceCoreLight.framework/Versions/A/FaceCoreLight
0x0000000001568000 	/System/Library/PrivateFrameworks/AppleFSCompression.framework/Versions/A/AppleFSCompression
0x0000000001568000 	/System/Library/PrivateFrameworks/Ubiquity.framework/Versions/A/Ubiquity
0x0000000001568000 	/System/Library/Frameworks/ServiceManagement.framework/Versions/A/ServiceManagement
0x0000000001568000 	/System/Library/PrivateFrameworks/ChunkingLibrary.framework/Versions/A/ChunkingLibrary
0x0000000001568000 	/System/Library/Frameworks/vecLib.framework/Versions/A/vecLib
0x0000000001568000 	/System/Library/Frameworks/SecurityFoundation.framework/Versions/A/SecurityFoundation
0x0000000001568000 	/System/Library/PrivateFrameworks/CommerceKit.framework/Versions/A/Frameworks/CommerceCore.framework/Versions/A/CommerceCore
0x0000000001568000 	/System/Library/PrivateFrameworks/CoreSymbolication.framework/Versions/A/CoreSymbolication
0x0000000001568000 	/System/Library/PrivateFrameworks/Symbolication.framework/Versions/A/Symbolication
0x0000000001568000 	/System/Library/PrivateFrameworks/DebugSymbols.framework/Versions/A/DebugSymbols
0x000000010feda000 	/Library/Java/JavaVirtualMachines/jdk1.7.0_10.jdk/Contents/Home/jre/lib/server/libjvm.dylib
0x0000000110a84000 	/Library/Java/JavaVirtualMachines/jdk1.7.0_10.jdk/Contents/Home/jre/lib/libverify.dylib
0x0000000110a91000 	/Library/Java/JavaVirtualMachines/jdk1.7.0_10.jdk/Contents/Home/jre/lib/libjava.dylib
0x0000000110b4e000 	/Library/Java/JavaVirtualMachines/jdk1.7.0_10.jdk/Contents/Home/jre/lib/libzip.dylib
0x0000000168db5000 	/System/Library/Frameworks/JavaVM.framework/Frameworks/JavaRuntimeSupport.framework/JavaRuntimeSupport
0x0000000168dcd000 	/System/Library/Frameworks/JavaVM.framework/Versions/A/Frameworks/JavaNativeFoundation.framework/Versions/A/JavaNativeFoundation
0x0000000168de2000 	/System/Library/Frameworks/JavaVM.framework/Versions/A/JavaVM
0x0000000001568000 	/System/Library/Frameworks/Carbon.framework/Versions/A/Carbon
0x0000000168def000 	/System/Library/PrivateFrameworks/JavaLaunching.framework/Versions/A/JavaLaunching
0x0000000001568000 	/System/Library/Frameworks/Carbon.framework/Versions/A/Frameworks/CommonPanels.framework/Versions/A/CommonPanels
0x0000000001568000 	/System/Library/Frameworks/Carbon.framework/Versions/A/Frameworks/Help.framework/Versions/A/Help
0x0000000001568000 	/System/Library/Frameworks/Carbon.framework/Versions/A/Frameworks/ImageCapture.framework/Versions/A/ImageCapture
0x0000000001568000 	/System/Library/Frameworks/Carbon.framework/Versions/A/Frameworks/OpenScripting.framework/Versions/A/OpenScripting
0x0000000001568000 	/System/Library/Frameworks/Carbon.framework/Versions/A/Frameworks/Print.framework/Versions/A/Print
0x0000000001568000 	/System/Library/Frameworks/Carbon.framework/Versions/A/Frameworks/SecurityHI.framework/Versions/A/SecurityHI
0x000000016967b000 	/Library/Java/JavaVirtualMachines/jdk1.7.0_10.jdk/Contents/Home/jre/lib/libawt.dylib
0x000000016972a000 	/Library/Java/JavaVirtualMachines/jdk1.7.0_10.jdk/Contents/Home/jre/lib/./libmlib_image.dylib
0x00000001697f6000 	/Library/Java/JavaVirtualMachines/jdk1.7.0_10.jdk/Contents/Home/jre/lib/lwawt/liblwawt.dylib
0x00000001698a8000 	/Library/Java/JavaVirtualMachines/jdk1.7.0_10.jdk/Contents/Home/jre/lib/libosxapp.dylib
0x00000001698c4000 	/System/Library/Frameworks/ExceptionHandling.framework/Versions/A/ExceptionHandling
0x0000000001568000 	/System/Library/PrivateFrameworks/CoreServicesInternal.framework/Versions/A/CoreServicesInternal
0x0000000001568000 	/System/Library/PrivateFrameworks/Librarian.framework/Versions/A/Librarian
0x0000000001568000 	/System/Library/Frameworks/ApplicationServices.framework/Versions/A/Frameworks/CoreGraphics.framework/Versions/A/Resources/libCSync.A.dylib
0x0000000001568000 	/System/Library/Frameworks/ApplicationServices.framework/Versions/A/Frameworks/CoreGraphics.framework/Versions/A/Resources/libRIP.A.dylib
0x0000000001568000 	/System/Library/Frameworks/ApplicationServices.framework/Versions/A/Frameworks/CoreGraphics.framework/Versions/A/Resources/libCGXType.A.dylib
0x000000016af3b000 	/Library/Java/JavaVirtualMachines/jdk1.7.0_10.jdk/Contents/Home/jre/lib/libosxui.dylib
0x000000016d535000 	/Library/Java/JavaVirtualMachines/jdk1.7.0_10.jdk/Contents/Home/jre/lib/libfontmanager.dylib
0x000000016d787000 	/System/Library/Frameworks/OpenGL.framework/Resources/GLEngine.bundle/GLEngine
0x000000016d97c000 	/System/Library/Frameworks/OpenGL.framework/Versions/A/Libraries/libGLProgrammability.dylib
0x000000016db24000 	/System/Library/Extensions/AMDRadeonX3000GLDriver.bundle/Contents/MacOS/AMDRadeonX3000GLDriver
0x000000016af45000 	/System/Library/PrivateFrameworks/IOAccelerator.framework/Versions/A/IOAccelerator
0x000000016b07c000 	/System/Library/PrivateFrameworks/GPUSupport.framework/Versions/A/Libraries/libGPUSupportMercury.dylib
0x000000016e24a000 	/System/Library/Frameworks/OpenGL.framework/Resources//GLRendererFloat.bundle/GLRendererFloat
0x000000016af51000 	/System/Library/Frameworks/OpenCL.framework/Versions/A/Libraries/libcldcpuengine.dylib
0x0000000001568000 	/System/Library/PrivateFrameworks/DiskImages.framework/Versions/A/DiskImages
0x0000000001568000 	/System/Library/Frameworks/DiscRecording.framework/Versions/A/DiscRecording
0x0000000001568000 	/usr/lib/libcurl.4.dylib
0x0000000001568000 	/System/Library/PrivateFrameworks/MediaKit.framework/Versions/A/MediaKit
0x0000000001568000 	/usr/lib/libssl.0.9.8.dylib
0x0000000001568000 	/usr/lib/libcrypto.0.9.8.dylib
0x0000000001568000 	/System/Library/Frameworks/LDAP.framework/Versions/A/LDAP
0x0000000001568000 	/usr/lib/libsasl2.2.dylib
0x000000016e413000 	/Library/Java/JavaVirtualMachines/jdk1.7.0_10.jdk/Contents/Home/jre/lib/libnio.dylib
0x000000016e422000 	/Library/Java/JavaVirtualMachines/jdk1.7.0_10.jdk/Contents/Home/jre/lib/./libnet.dylib
0x0000000169594000 	cl_kernels
0x000000016f55d000 	/System/Library/Frameworks/OpenCL.framework/Versions/A/Libraries/ImageFormats/unorm8_bgra.dylib
0x000000016959a000 	cl_kernels
0x0000000168e30000 	/Library/Java/JavaVirtualMachines/jdk1.7.0_10.jdk/Contents/Home/jre/lib/libsunec.dylib
0x0000000168e5c000 	/Library/Java/JavaVirtualMachines/jdk1.7.0_10.jdk/Contents/Home/jre/lib/libj2pcsc.dylib
0x0000000168e60000 	/System/Library/Frameworks/PCSC.framework/Versions/Current/PCSC

VM Arguments:
jvm_args: -Dfile.encoding=UTF-8 
java_command: gui.LibraryMain
Launcher Type: SUN_STANDARD

Environment Variables:
PATH=/usr/bin:/bin:/usr/sbin:/sbin
LD_LIBRARY_PATH=/Library/Java/JavaVirtualMachines/jdk1.7.0_10.jdk/Contents/Home/jre/lib/amd64:/Library/Java/JavaVirtualMachines/jdk1.7.0_10.jdk/Contents/Home/jre/lib/i386:
SHELL=/bin/bash
DISPLAY=/tmp/launch-T6jjwD/org.macosforge.xquartz:0

Signal Handlers:
SIGSEGV: [libjvm.dylib+0x4a363d], sa_mask[0]=0xfffefeff, sa_flags=0x00000042
SIGBUS: [libjvm.dylib+0x4a363d], sa_mask[0]=0xfffefeff, sa_flags=0x00000042
SIGFPE: [libjvm.dylib+0x3b3051], sa_mask[0]=0xfffefeff, sa_flags=0x00000042
SIGPIPE: [libjvm.dylib+0x3b3051], sa_mask[0]=0xfffefeff, sa_flags=0x00000042
SIGXFSZ: [libjvm.dylib+0x3b3051], sa_mask[0]=0xfffefeff, sa_flags=0x00000042
SIGILL: [libjvm.dylib+0x3b3051], sa_mask[0]=0xfffefeff, sa_flags=0x00000042
SIGUSR1: SIG_DFL, sa_mask[0]=0x00000000, sa_flags=0x00000002
SIGUSR2: [libjvm.dylib+0x3b2bea], sa_mask[0]=0x00000004, sa_flags=0x00000042
SIGHUP: [libjvm.dylib+0x3b0e4b], sa_mask[0]=0xfffefeff, sa_flags=0x00000042
SIGINT: SIG_IGN, sa_mask[0]=0x00000000, sa_flags=0x00000000
SIGTERM: [libjvm.dylib+0x3b0e4b], sa_mask[0]=0xfffefeff, sa_flags=0x00000042
SIGQUIT: [libjvm.dylib+0x3b0e4b], sa_mask[0]=0xfffefeff, sa_flags=0x00000042


---------------  S Y S T E M  ---------------

OS:Bsduname:Darwin 12.3.0 Darwin Kernel Version 12.3.0: Sun Jan  6 22:37:10 PST 2013; root:xnu-2050.22.13~1/RELEASE_X86_64 x86_64
rlimit: STACK 8192k, CORE 0k, NPROC 709, NOFILE 10240, AS infinity
load average:3.02 2.20 2.03

CPU:total 4 (4 cores per cpu, 1 threads per core) family 6 model 42 stepping 7, cmov, cx8, fxsr, mmx, sse, sse2, sse3, ssse3, sse4.1, sse4.2, popcnt, avx, tsc, tscinvbit

Memory: 4k page, physical 4912088k(1228022k free)

/proc/meminfo:


vm_info: Java HotSpot(TM) 64-Bit Server VM (23.6-b04) for bsd-amd64 JRE (1.7.0_10-b18), built on Nov 28 2012 07:52:20 by "java_re" with gcc 4.2.1 (Based on Apple Inc. build 5658) (LLVM build 2336.9.00)

time: Tue Mar 19 15:32:06 2013
elapsed time: 23 seconds

